2024-07-26 15:12:05,210 - [INFO] Querying understanding...
2024-07-26 15:12:05,220 - Processing:   0%|                                                            | 0/12 [00:00<?, ?it/s]
2024-07-26 15:12:08,093 - Processing:   8%|####3                                               | 1/12 [00:02<00:31,  2.87s/it]
2024-07-26 15:12:10,659 - Processing:  17%|########6                                           | 2/12 [00:05<00:26,  2.69s/it]
2024-07-26 15:12:13,152 - Processing:  25%|#############                                       | 3/12 [00:07<00:23,  2.60s/it]
2024-07-26 15:12:16,044 - Processing:  33%|#################3                                  | 4/12 [00:10<00:21,  2.72s/it]
2024-07-26 15:12:18,011 - Processing:  42%|#####################6                              | 5/12 [00:12<00:17,  2.45s/it]
2024-07-26 15:12:20,814 - Processing:  50%|##########################                          | 6/12 [00:15<00:15,  2.57s/it]
2024-07-26 15:12:23,510 - Processing:  58%|##############################3                     | 7/12 [00:18<00:13,  2.61s/it]
2024-07-26 15:12:26,325 - Processing:  67%|##################################6                 | 8/12 [00:21<00:10,  2.67s/it]
2024-07-26 15:12:29,318 - Processing:  75%|#######################################             | 9/12 [00:24<00:08,  2.77s/it]
2024-07-26 15:12:32,195 - Processing:  83%|##########################################5        | 10/12 [00:26<00:05,  2.81s/it]
2024-07-26 15:12:35,679 - Processing:  92%|##############################################7    | 11/12 [00:30<00:03,  3.01s/it]
2024-07-26 15:12:38,773 - Processing: 100%|###################################################| 12/12 [00:33<00:00,  3.04s/it]
2024-07-26 15:12:38,773 - Processing: 100%|###################################################| 12/12 [00:33<00:00,  2.80s/it]
2024-07-26 15:12:38,773 - [INFO] Fetching stk quote...
2024-07-26 15:12:56,836 - [INFO] Run backtest...
2024-07-26 15:12:56,850 - [INFO] date 2019.01.31, asset 600000.SH, trade_value 100000.0
2024-07-26 15:12:56,850 - [INFO] date 2019.01.31, asset 600029.SH, trade_value 100000.0
2024-07-26 15:12:56,851 - [INFO] date 2019.01.31, asset 600036.SH, trade_value 100000.0
2024-07-26 15:12:56,851 - [INFO] date 2019.01.31, asset 600050.SH, trade_value 100000.0
2024-07-26 15:12:56,852 - [INFO] date 2019.01.31, asset 601166.SH, trade_value 100000.0
2024-07-26 15:12:56,852 - [INFO] date 2019.01.31, asset 601169.SH, trade_value 100000.0
2024-07-26 15:12:56,852 - [INFO] date 2019.01.31, asset 601328.SH, trade_value 100000.0
2024-07-26 15:12:56,853 - [INFO] date 2019.01.31, asset 601600.SH, trade_value 100000.0
2024-07-26 15:12:56,853 - [INFO] date 2019.01.31, asset 601668.SH, trade_value 100000.0
2024-07-26 15:12:56,854 - [INFO] date 2019.01.31, asset 601939.SH, trade_value 100000.0
2024-07-26 15:12:56,861 - [INFO] date 2019.02.28, asset 600029.SH, trade_value -9824.610399999961
2024-07-26 15:12:56,861 - [INFO] date 2019.02.28, asset 600050.SH, trade_value -15056.61039999999
2024-07-26 15:12:56,862 - [INFO] date 2019.02.28, asset 601600.SH, trade_value -8427.610399999976
2024-07-26 15:12:56,862 - [INFO] date 2019.02.28, asset 600000.SH, trade_value 696.3896000000241
2024-07-26 15:12:56,863 - [INFO] date 2019.02.28, asset 600036.SH, trade_value 2901.389600000024
2024-07-26 15:12:56,863 - [INFO] date 2019.02.28, asset 601166.SH, trade_value 4335.389600000024
2024-07-26 15:12:56,864 - [INFO] date 2019.02.28, asset 601169.SH, trade_value 2165.389600000024
2024-07-26 15:12:56,864 - [INFO] date 2019.02.28, asset 601328.SH, trade_value 7835.389600000024
2024-07-26 15:12:56,864 - [INFO] date 2019.02.28, asset 601668.SH, trade_value 8840.389600000024
2024-07-26 15:12:56,865 - [INFO] date 2019.02.28, asset 601939.SH, trade_value 8490.389600000024
2024-07-26 15:12:56,873 - [INFO] date 2019.03.31, asset 600000.SH, trade_value -104904.0
2024-07-26 15:12:56,873 - [INFO] date 2019.03.31, asset 600029.SH, trade_value -110295.00000000001
2024-07-26 15:12:56,874 - [INFO] date 2019.03.31, asset 600036.SH, trade_value -5641.333999999988
2024-07-26 15:12:56,874 - [INFO] date 2019.03.31, asset 600050.SH, trade_value -112035.0
2024-07-26 15:12:56,875 - [INFO] date 2019.03.31, asset 601166.SH, trade_value -2967.3340000000026
2024-07-26 15:12:56,875 - [INFO] date 2019.03.31, asset 601169.SH, trade_value -105400.0
2024-07-26 15:12:56,875 - [INFO] date 2019.03.31, asset 601328.SH, trade_value -107328.0
2024-07-26 15:12:56,876 - [INFO] date 2019.03.31, asset 601600.SH, trade_value -929.3340000000026
2024-07-26 15:12:56,876 - [INFO] date 2019.03.31, asset 601668.SH, trade_value -108324.0
2024-07-26 15:12:56,876 - [INFO] date 2019.03.31, asset 601939.SH, trade_value -105640.0
2024-07-26 15:12:56,877 - [INFO] date 2019.03.31, asset 000001.SZ, trade_value 109686.66600000001
2024-07-26 15:12:56,877 - [INFO] date 2019.03.31, asset 000157.SZ, trade_value 109686.66600000001
2024-07-26 15:12:56,877 - [INFO] date 2019.03.31, asset 000333.SZ, trade_value 109686.66600000001
2024-07-26 15:12:56,877 - [INFO] date 2019.03.31, asset 000651.SZ, trade_value 109686.66600000001
2024-07-26 15:12:56,878 - [INFO] date 2019.03.31, asset 300382.SZ, trade_value 109686.66600000001
2024-07-26 15:12:56,878 - [INFO] date 2019.03.31, asset 600276.SH, trade_value 109686.66600000001
2024-07-26 15:12:56,878 - [INFO] date 2019.03.31, asset 601225.SH, trade_value 109686.66600000001
2024-07-26 15:12:56,886 - [INFO] date 2019.04.30, asset 000001.SZ, trade_value -5940.639599999995
2024-07-26 15:12:56,886 - [INFO] date 2019.04.30, asset 000157.SZ, trade_value -5494.6396000000095
2024-07-26 15:12:56,887 - [INFO] date 2019.04.30, asset 600000.SH, trade_value -2296.0
2024-07-26 15:12:56,887 - [INFO] date 2019.04.30, asset 600029.SH, trade_value -2481.0
2024-07-26 15:12:56,887 - [INFO] date 2019.04.30, asset 600036.SH, trade_value -5499.639599999995
2024-07-26 15:12:56,888 - [INFO] date 2019.04.30, asset 600050.SH, trade_value -3355.0
2024-07-26 15:12:56,888 - [INFO] date 2019.04.30, asset 601166.SH, trade_value -7494.6396000000095
2024-07-26 15:12:56,889 - [INFO] date 2019.04.30, asset 601169.SH, trade_value -1896.0
2024-07-26 15:12:56,890 - [INFO] date 2019.04.30, asset 601328.SH, trade_value -1872.0
2024-07-26 15:12:56,890 - [INFO] date 2019.04.30, asset 601668.SH, trade_value -2456.0
2024-07-26 15:12:56,890 - [INFO] date 2019.04.30, asset 601939.SH, trade_value -3705.0
2024-07-26 15:12:56,890 - [INFO] date 2019.04.30, asset 000333.SZ, trade_value 8469.360400000005
2024-07-26 15:12:56,891 - [INFO] date 2019.04.30, asset 000651.SZ, trade_value 111089.3604
2024-07-26 15:12:56,891 - [INFO] date 2019.04.30, asset 300382.SZ, trade_value 15469.360400000005
2024-07-26 15:12:56,891 - [INFO] date 2019.04.30, asset 600276.SH, trade_value 6577.36040000002
2024-07-26 15:12:56,891 - [INFO] date 2019.04.30, asset 601225.SH, trade_value 9199.360400000005
2024-07-26 15:12:56,892 - [INFO] date 2019.04.30, asset 601600.SH, trade_value 4717.36040000002
2024-07-26 15:12:56,899 - [INFO] date 2019.05.31, asset 000157.SZ, trade_value -12017.262799999982
2024-07-26 15:12:56,900 - [INFO] date 2019.05.31, asset 600000.SH, trade_value -1111.0
2024-07-26 15:12:56,900 - [INFO] date 2019.05.31, asset 600029.SH, trade_value -715.0
2024-07-26 15:12:56,900 - [INFO] date 2019.05.31, asset 600036.SH, trade_value -3202.2627999999822
2024-07-26 15:12:56,901 - [INFO] date 2019.05.31, asset 601169.SH, trade_value -585.0
2024-07-26 15:12:56,901 - [INFO] date 2019.05.31, asset 601225.SH, trade_value -4317.262799999982
2024-07-26 15:12:56,902 - [INFO] date 2019.05.31, asset 601328.SH, trade_value -598.0
2024-07-26 15:12:56,902 - [INFO] date 2019.05.31, asset 601600.SH, trade_value -4553.262800000011
2024-07-26 15:12:56,902 - [INFO] date 2019.05.31, asset 601939.SH, trade_value -699.0
2024-07-26 15:12:56,903 - [INFO] date 2019.05.31, asset 000001.SZ, trade_value 10019.737200000003
2024-07-26 15:12:56,903 - [INFO] date 2019.05.31, asset 000333.SZ, trade_value 2712.737200000003
2024-07-26 15:12:56,903 - [INFO] date 2019.05.31, asset 000651.SZ, trade_value 5971.737200000003
2024-07-26 15:12:56,903 - [INFO] date 2019.05.31, asset 300382.SZ, trade_value 4497.737200000003
2024-07-26 15:12:56,904 - [INFO] date 2019.05.31, asset 600276.SH, trade_value 1310.7372000000032
2024-07-26 15:12:56,904 - [INFO] date 2019.05.31, asset 601166.SH, trade_value 4477.737199999989
2024-07-26 15:12:56,911 - [INFO] date 2019.06.30, asset 000001.SZ, trade_value -119886.0
2024-07-26 15:12:56,912 - [INFO] date 2019.06.30, asset 000157.SZ, trade_value -122003.0
2024-07-26 15:12:56,912 - [INFO] date 2019.06.30, asset 000333.SZ, trade_value -108906.0
2024-07-26 15:12:56,912 - [INFO] date 2019.06.30, asset 000651.SZ, trade_value -110000.0
2024-07-26 15:12:56,913 - [INFO] date 2019.06.30, asset 300382.SZ, trade_value -105118.0
2024-07-26 15:12:56,914 - [INFO] date 2019.06.30, asset 600000.SH, trade_value -1168.0
2024-07-26 15:12:56,914 - [INFO] date 2019.06.30, asset 600029.SH, trade_value -772.0
2024-07-26 15:12:56,914 - [INFO] date 2019.06.30, asset 600036.SH, trade_value -115135.99999999999
2024-07-26 15:12:56,915 - [INFO] date 2019.06.30, asset 600276.SH, trade_value -112200.0
2024-07-26 15:12:56,915 - [INFO] date 2019.06.30, asset 601166.SH, trade_value -107911.0
2024-07-26 15:12:56,915 - [INFO] date 2019.06.30, asset 601225.SH, trade_value -111804.0
2024-07-26 15:12:56,916 - [INFO] date 2019.06.30, asset 601600.SH, trade_value -102704.0
2024-07-26 15:12:56,916 - [INFO] date 2019.06.30, asset 000069.SZ, trade_value 111931.74040000001
2024-07-26 15:12:56,916 - [INFO] date 2019.06.30, asset 000425.SZ, trade_value 111931.74040000001
2024-07-26 15:12:56,916 - [INFO] date 2019.06.30, asset 002027.SZ, trade_value 111931.74040000001
2024-07-26 15:12:56,917 - [INFO] date 2019.06.30, asset 002602.SZ, trade_value 111931.74040000001
2024-07-26 15:12:56,917 - [INFO] date 2019.06.30, asset 600025.SH, trade_value 111931.74040000001
2024-07-26 15:12:56,917 - [INFO] date 2019.06.30, asset 600717.SH, trade_value 111931.74040000001
2024-07-26 15:12:56,917 - [INFO] date 2019.06.30, asset 601006.SH, trade_value 111931.74040000001
2024-07-26 15:12:56,918 - [INFO] date 2019.06.30, asset 601009.SH, trade_value 111931.74040000001
2024-07-26 15:12:56,918 - [INFO] date 2019.06.30, asset 601515.SH, trade_value 111931.74040000001
2024-07-26 15:12:56,918 - [INFO] date 2019.06.30, asset 601668.SH, trade_value 111931.74040000001
2024-07-26 15:12:56,927 - [INFO] date 2019.07.31, asset 000001.SZ, trade_value -1437.0
2024-07-26 15:12:56,927 - [INFO] date 2019.07.31, asset 000069.SZ, trade_value -1173.8381999999983
2024-07-26 15:12:56,927 - [INFO] date 2019.07.31, asset 000333.SZ, trade_value -5520.0
2024-07-26 15:12:56,928 - [INFO] date 2019.07.31, asset 000425.SZ, trade_value -1800.8381999999983
2024-07-26 15:12:56,928 - [INFO] date 2019.07.31, asset 000651.SZ, trade_value -11016.0
2024-07-26 15:12:56,929 - [INFO] date 2019.07.31, asset 300382.SZ, trade_value -1665.0
2024-07-26 15:12:56,929 - [INFO] date 2019.07.31, asset 600000.SH, trade_value -1186.0
2024-07-26 15:12:56,929 - [INFO] date 2019.07.31, asset 600025.SH, trade_value -15589.838199999998
2024-07-26 15:12:56,930 - [INFO] date 2019.07.31, asset 600029.SH, trade_value -735.0
2024-07-26 15:12:56,930 - [INFO] date 2019.07.31, asset 600036.SH, trade_value -3677.0000000000005
2024-07-26 15:12:56,930 - [INFO] date 2019.07.31, asset 600276.SH, trade_value -6695.999999999999
2024-07-26 15:12:56,931 - [INFO] date 2019.07.31, asset 601009.SH, trade_value -860.8381999999983
2024-07-26 15:12:56,931 - [INFO] date 2019.07.31, asset 601166.SH, trade_value -1950.0
2024-07-26 15:12:56,931 - [INFO] date 2019.07.31, asset 601225.SH, trade_value -1864.0
2024-07-26 15:12:56,931 - [INFO] date 2019.07.31, asset 601600.SH, trade_value -2262.0
2024-07-26 15:12:56,931 - [INFO] date 2019.07.31, asset 002027.SZ, trade_value 8709.161800000002
2024-07-26 15:12:56,932 - [INFO] date 2019.07.31, asset 002602.SZ, trade_value 15120.161800000002
2024-07-26 15:12:56,932 - [INFO] date 2019.07.31, asset 600717.SH, trade_value 6929.161800000002
2024-07-26 15:12:56,932 - [INFO] date 2019.07.31, asset 601006.SH, trade_value 7802.161800000002
2024-07-26 15:12:56,932 - [INFO] date 2019.07.31, asset 601515.SH, trade_value 4976.161800000002
2024-07-26 15:12:56,933 - [INFO] date 2019.07.31, asset 601668.SH, trade_value 14210.161800000002
2024-07-26 15:12:56,941 - [INFO] date 2019.08.31, asset 000651.SZ, trade_value -5550.0
2024-07-26 15:12:56,941 - [INFO] date 2019.08.31, asset 002027.SZ, trade_value -11785.892200000002
2024-07-26 15:12:56,942 - [INFO] date 2019.08.31, asset 600000.SH, trade_value -1128.0
2024-07-26 15:12:56,942 - [INFO] date 2019.08.31, asset 600025.SH, trade_value -2011.8921999999875
2024-07-26 15:12:56,943 - [INFO] date 2019.08.31, asset 600717.SH, trade_value -3343.892200000002
2024-07-26 15:12:56,943 - [INFO] date 2019.08.31, asset 601006.SH, trade_value -4801.892200000002
2024-07-26 15:12:56,943 - [INFO] date 2019.08.31, asset 601225.SH, trade_value -890.0
2024-07-26 15:12:56,943 - [INFO] date 2019.08.31, asset 000069.SZ, trade_value 1873.107799999998
2024-07-26 15:12:56,944 - [INFO] date 2019.08.31, asset 000425.SZ, trade_value 7042.107799999998
2024-07-26 15:12:56,944 - [INFO] date 2019.08.31, asset 002602.SZ, trade_value 3956.107799999998
2024-07-26 15:12:56,944 - [INFO] date 2019.08.31, asset 601009.SH, trade_value 4468.107799999998
2024-07-26 15:12:56,945 - [INFO] date 2019.08.31, asset 601515.SH, trade_value 3748.107799999998
2024-07-26 15:12:56,945 - [INFO] date 2019.08.31, asset 601668.SH, trade_value 8968.107799999998
2024-07-26 15:12:56,952 - [INFO] date 2019.09.30, asset 000069.SZ, trade_value -111470.0
2024-07-26 15:12:56,952 - [INFO] date 2019.09.30, asset 000425.SZ, trade_value -111552.00000000001
2024-07-26 15:12:56,953 - [INFO] date 2019.09.30, asset 000651.SZ, trade_value -5690.0
2024-07-26 15:12:56,953 - [INFO] date 2019.09.30, asset 002027.SZ, trade_value -107334.0
2024-07-26 15:12:56,954 - [INFO] date 2019.09.30, asset 002602.SZ, trade_value -107640.00000000001
2024-07-26 15:12:56,954 - [INFO] date 2019.09.30, asset 600000.SH, trade_value -1190.0
2024-07-26 15:12:56,954 - [INFO] date 2019.09.30, asset 600025.SH, trade_value -100300.0
2024-07-26 15:12:56,955 - [INFO] date 2019.09.30, asset 600717.SH, trade_value -108944.0
2024-07-26 15:12:56,955 - [INFO] date 2019.09.30, asset 601006.SH, trade_value -105779.0
2024-07-26 15:12:56,955 - [INFO] date 2019.09.30, asset 601009.SH, trade_value -117956.99999999999
2024-07-26 15:12:56,956 - [INFO] date 2019.09.30, asset 601225.SH, trade_value -877.9999999999999
2024-07-26 15:12:56,956 - [INFO] date 2019.09.30, asset 601515.SH, trade_value -103406.0
2024-07-26 15:12:56,956 - [INFO] date 2019.09.30, asset 601668.SH, trade_value -100648.0
2024-07-26 15:12:56,956 - [INFO] date 2019.09.30, asset 000001.SZ, trade_value 108317.777
2024-07-26 15:12:56,957 - [INFO] date 2019.09.30, asset 002475.SZ, trade_value 108317.777
2024-07-26 15:12:56,957 - [INFO] date 2019.09.30, asset 600031.SH, trade_value 108317.777
2024-07-26 15:12:56,957 - [INFO] date 2019.09.30, asset 601229.SH, trade_value 108317.777
2024-07-26 15:12:56,957 - [INFO] date 2019.09.30, asset 601288.SH, trade_value 108317.777
2024-07-26 15:12:56,958 - [INFO] date 2019.09.30, asset 601689.SH, trade_value 108317.777
2024-07-26 15:12:56,958 - [INFO] date 2019.09.30, asset 601818.SH, trade_value 108317.777
2024-07-26 15:12:56,958 - [INFO] date 2019.09.30, asset 601933.SH, trade_value 108317.777
2024-07-26 15:12:56,958 - [INFO] date 2019.09.30, asset 603259.SH, trade_value 108317.777
2024-07-26 15:12:56,959 - [INFO] date 2019.09.30, asset 603858.SH, trade_value 108317.777
2024-07-26 15:12:56,966 - [INFO] date 2019.10.31, asset 000651.SZ, trade_value -5867.0
2024-07-26 15:12:56,966 - [INFO] date 2019.10.31, asset 002475.SZ, trade_value -21771.315399999992
2024-07-26 15:12:56,967 - [INFO] date 2019.10.31, asset 601689.SH, trade_value -1577.3153999999922
2024-07-26 15:12:56,967 - [INFO] date 2019.10.31, asset 601818.SH, trade_value -9671.315399999992
2024-07-26 15:12:56,967 - [INFO] date 2019.10.31, asset 000001.SZ, trade_value 261.6846000000078
2024-07-26 15:12:56,968 - [INFO] date 2019.10.31, asset 600031.SH, trade_value 9303.684600000008
2024-07-26 15:12:56,968 - [INFO] date 2019.10.31, asset 601229.SH, trade_value 5643.684600000008
2024-07-26 15:12:56,968 - [INFO] date 2019.10.31, asset 601288.SH, trade_value 322.6846000000078
2024-07-26 15:12:56,969 - [INFO] date 2019.10.31, asset 601933.SH, trade_value 12351.684600000022
2024-07-26 15:12:56,969 - [INFO] date 2019.10.31, asset 603259.SH, trade_value 11004.684600000008
2024-07-26 15:12:56,969 - [INFO] date 2019.10.31, asset 603858.SH, trade_value 1428.6846000000223
2024-07-26 15:12:56,977 - [INFO] date 2019.11.30, asset 000651.SZ, trade_value -5771.0
2024-07-26 15:12:56,978 - [INFO] date 2019.11.30, asset 002475.SZ, trade_value -3292.609599999996
2024-07-26 15:12:56,978 - [INFO] date 2019.11.30, asset 600031.SH, trade_value -4878.609599999996
2024-07-26 15:12:56,978 - [INFO] date 2019.11.30, asset 601288.SH, trade_value -896.6095999999961
2024-07-26 15:12:56,979 - [INFO] date 2019.11.30, asset 601689.SH, trade_value -13680.609599999996
2024-07-26 15:12:56,979 - [INFO] date 2019.11.30, asset 603858.SH, trade_value -890.6096000000107
2024-07-26 15:12:56,980 - [INFO] date 2019.11.30, asset 000001.SZ, trade_value 6908.390400000004
2024-07-26 15:12:56,980 - [INFO] date 2019.11.30, asset 601229.SH, trade_value 1210.3904000000039
2024-07-26 15:12:56,980 - [INFO] date 2019.11.30, asset 601818.SH, trade_value 8333.390400000004
2024-07-26 15:12:56,981 - [INFO] date 2019.11.30, asset 601933.SH, trade_value 12104.390400000004
2024-07-26 15:12:56,981 - [INFO] date 2019.11.30, asset 603259.SH, trade_value 6821.390400000004
2024-07-26 15:12:56,989 - [INFO] Backtest Done...
2024-07-26 15:12:56,999 - [INFO] Successfully generate backtest report data...
2024-07-26 15:12:57,059 - [INFO] Result is now showing in app...
2024-07-26 15:13:26,238 - [INFO] Querying understanding...
2024-07-26 15:13:26,239 - Processing:   0%|                                                            | 0/22 [00:00<?, ?it/s]
2024-07-26 15:13:28,418 - Processing:   5%|##3                                                 | 1/22 [00:02<00:45,  2.18s/it]
2024-07-26 15:13:30,543 - Processing:   9%|####7                                               | 2/22 [00:04<00:42,  2.15s/it]
2024-07-26 15:13:32,490 - Processing:  14%|#######                                             | 3/22 [00:06<00:39,  2.06s/it]
2024-07-26 15:13:34,392 - Processing:  18%|#########4                                          | 4/22 [00:08<00:35,  2.00s/it]
2024-07-26 15:13:36,519 - Processing:  23%|###########8                                        | 5/22 [00:10<00:34,  2.04s/it]
2024-07-26 15:13:38,701 - Processing:  27%|##############1                                     | 6/22 [00:12<00:33,  2.09s/it]
2024-07-26 15:13:40,648 - Processing:  32%|################5                                   | 7/22 [00:14<00:30,  2.04s/it]
2024-07-26 15:13:42,749 - Processing:  36%|##################9                                 | 8/22 [00:16<00:28,  2.06s/it]
2024-07-26 15:13:44,683 - Processing:  41%|#####################2                              | 9/22 [00:18<00:26,  2.02s/it]
2024-07-26 15:13:59,469 - Processing:  45%|#######################1                           | 10/22 [00:33<01:11,  5.96s/it]
2024-07-26 15:14:01,681 - Processing:  50%|#########################5                         | 11/22 [00:35<00:52,  4.81s/it]
2024-07-26 15:14:03,808 - Processing:  55%|###########################8                       | 12/22 [00:37<00:39,  4.00s/it]
2024-07-26 15:14:05,896 - Processing:  59%|##############################1                    | 13/22 [00:39<00:30,  3.42s/it]
2024-07-26 15:14:08,027 - Processing:  64%|################################4                  | 14/22 [00:41<00:24,  3.03s/it]
2024-07-26 15:14:10,030 - Processing:  68%|##################################7                | 15/22 [00:43<00:19,  2.72s/it]
2024-07-26 15:14:12,256 - Processing:  73%|#####################################              | 16/22 [00:46<00:15,  2.57s/it]
2024-07-26 15:14:14,435 - Processing:  77%|#######################################4           | 17/22 [00:48<00:12,  2.45s/it]
2024-07-26 15:14:16,555 - Processing:  82%|#########################################7         | 18/22 [00:50<00:09,  2.35s/it]
2024-07-26 15:14:18,467 - Processing:  86%|############################################       | 19/22 [00:52<00:06,  2.22s/it]
2024-07-26 15:14:20,524 - Processing:  91%|##############################################3    | 20/22 [00:54<00:04,  2.17s/it]
2024-07-26 15:14:22,644 - Processing:  95%|################################################6  | 21/22 [00:56<00:02,  2.16s/it]
2024-07-26 15:14:24,673 - Processing: 100%|###################################################| 22/22 [00:58<00:00,  2.12s/it]
2024-07-26 15:14:24,675 - Processing: 100%|###################################################| 22/22 [00:58<00:00,  2.66s/it]
2024-07-26 15:14:24,676 - [INFO] Fetching stk quote...
2024-07-26 15:15:32,252 - [INFO] Run backtest...
2024-07-26 15:15:32,309 - [INFO] date 2019.03.31, asset 000001.SZ, trade_value 100000.0
2024-07-26 15:15:32,309 - [INFO] date 2019.03.31, asset 000157.SZ, trade_value 100000.0
2024-07-26 15:15:32,309 - [INFO] date 2019.03.31, asset 000333.SZ, trade_value 100000.0
2024-07-26 15:15:32,310 - [INFO] date 2019.03.31, asset 000651.SZ, trade_value 100000.0
2024-07-26 15:15:32,310 - [INFO] date 2019.03.31, asset 300382.SZ, trade_value 100000.0
2024-07-26 15:15:32,310 - [INFO] date 2019.03.31, asset 600036.SH, trade_value 100000.0
2024-07-26 15:15:32,311 - [INFO] date 2019.03.31, asset 600276.SH, trade_value 100000.0
2024-07-26 15:15:32,311 - [INFO] date 2019.03.31, asset 601166.SH, trade_value 100000.0
2024-07-26 15:15:32,311 - [INFO] date 2019.03.31, asset 601225.SH, trade_value 100000.0
2024-07-26 15:15:32,311 - [INFO] date 2019.03.31, asset 601600.SH, trade_value 100000.0
2024-07-26 15:15:32,359 - [INFO] date 2019.06.30, asset 000001.SZ, trade_value -103350.0
2024-07-26 15:15:32,359 - [INFO] date 2019.06.30, asset 000157.SZ, trade_value -129215.0
2024-07-26 15:15:32,360 - [INFO] date 2019.06.30, asset 000333.SZ, trade_value -93348.0
2024-07-26 15:15:32,360 - [INFO] date 2019.06.30, asset 300382.SZ, trade_value -79616.0
2024-07-26 15:15:32,360 - [INFO] date 2019.06.30, asset 600036.SH, trade_value -104341.99999999999
2024-07-26 15:15:32,361 - [INFO] date 2019.06.30, asset 600276.SH, trade_value -99000.0
2024-07-26 15:15:32,361 - [INFO] date 2019.06.30, asset 601166.SH, trade_value -96937.0
2024-07-26 15:15:32,361 - [INFO] date 2019.06.30, asset 601225.SH, trade_value -97020.0
2024-07-26 15:15:32,361 - [INFO] date 2019.06.30, asset 601600.SH, trade_value -88200.0
2024-07-26 15:15:32,362 - [INFO] date 2019.06.30, asset 000069.SZ, trade_value 100023.19640000002
2024-07-26 15:15:32,362 - [INFO] date 2019.06.30, asset 000425.SZ, trade_value 100023.19640000002
2024-07-26 15:15:32,362 - [INFO] date 2019.06.30, asset 002027.SZ, trade_value 100023.19640000002
2024-07-26 15:15:32,363 - [INFO] date 2019.06.30, asset 002602.SZ, trade_value 100023.19640000002
2024-07-26 15:15:32,363 - [INFO] date 2019.06.30, asset 600025.SH, trade_value 100023.19640000002
2024-07-26 15:15:32,363 - [INFO] date 2019.06.30, asset 600717.SH, trade_value 100023.19640000002
2024-07-26 15:15:32,364 - [INFO] date 2019.06.30, asset 601006.SH, trade_value 100023.19640000002
2024-07-26 15:15:32,364 - [INFO] date 2019.06.30, asset 601009.SH, trade_value 100023.19640000002
2024-07-26 15:15:32,364 - [INFO] date 2019.06.30, asset 601515.SH, trade_value 100023.19640000002
2024-07-26 15:15:32,364 - [INFO] date 2019.06.30, asset 601668.SH, trade_value 100023.19640000002
2024-07-26 15:15:32,416 - [INFO] date 2019.09.30, asset 000069.SZ, trade_value -99400.0
2024-07-26 15:15:32,416 - [INFO] date 2019.09.30, asset 000333.SZ, trade_value -5132.0
2024-07-26 15:15:32,417 - [INFO] date 2019.09.30, asset 000425.SZ, trade_value -94528.00000000001
2024-07-26 15:15:32,418 - [INFO] date 2019.09.30, asset 002027.SZ, trade_value -97722.0
2024-07-26 15:15:32,418 - [INFO] date 2019.09.30, asset 002602.SZ, trade_value -80730.0
2024-07-26 15:15:32,418 - [INFO] date 2019.09.30, asset 300382.SZ, trade_value -1194.0
2024-07-26 15:15:32,419 - [INFO] date 2019.09.30, asset 600025.SH, trade_value -103275.0
2024-07-26 15:15:32,419 - [INFO] date 2019.09.30, asset 600036.SH, trade_value -3520.0000000000005
2024-07-26 15:15:32,419 - [INFO] date 2019.09.30, asset 600276.SH, trade_value -8105.0
2024-07-26 15:15:32,419 - [INFO] date 2019.09.30, asset 600717.SH, trade_value -94707.0
2024-07-26 15:15:32,420 - [INFO] date 2019.09.30, asset 601006.SH, trade_value -92081.0
2024-07-26 15:15:32,420 - [INFO] date 2019.09.30, asset 601009.SH, trade_value -102459.0
2024-07-26 15:15:32,421 - [INFO] date 2019.09.30, asset 601166.SH, trade_value -1769.0000000000002
2024-07-26 15:15:32,421 - [INFO] date 2019.09.30, asset 601225.SH, trade_value -1755.9999999999998
2024-07-26 15:15:32,421 - [INFO] date 2019.09.30, asset 601515.SH, trade_value -85362.0
2024-07-26 15:15:32,421 - [INFO] date 2019.09.30, asset 601600.SH, trade_value -2124.0
2024-07-26 15:15:32,422 - [INFO] date 2019.09.30, asset 601668.SH, trade_value -85332.0
2024-07-26 15:15:32,422 - [INFO] date 2019.09.30, asset 000001.SZ, trade_value 94486.49500000001
2024-07-26 15:15:32,422 - [INFO] date 2019.09.30, asset 002475.SZ, trade_value 96076.49500000001
2024-07-26 15:15:32,422 - [INFO] date 2019.09.30, asset 600031.SH, trade_value 96076.49500000001
2024-07-26 15:15:32,423 - [INFO] date 2019.09.30, asset 601229.SH, trade_value 96076.49500000001
2024-07-26 15:15:32,423 - [INFO] date 2019.09.30, asset 601288.SH, trade_value 96076.49500000001
2024-07-26 15:15:32,423 - [INFO] date 2019.09.30, asset 601689.SH, trade_value 96076.49500000001
2024-07-26 15:15:32,423 - [INFO] date 2019.09.30, asset 601818.SH, trade_value 96076.49500000001
2024-07-26 15:15:32,424 - [INFO] date 2019.09.30, asset 601933.SH, trade_value 96076.49500000001
2024-07-26 15:15:32,424 - [INFO] date 2019.09.30, asset 603259.SH, trade_value 96076.49500000001
2024-07-26 15:15:32,424 - [INFO] date 2019.09.30, asset 603858.SH, trade_value 96076.49500000001
2024-07-26 15:15:32,471 - [INFO] date 2019.12.31, asset 000001.SZ, trade_value -101077.0
2024-07-26 15:15:32,472 - [INFO] date 2019.12.31, asset 002475.SZ, trade_value -123164.99999999999
2024-07-26 15:15:32,472 - [INFO] date 2019.12.31, asset 600031.SH, trade_value -112426.00000000001
2024-07-26 15:15:32,473 - [INFO] date 2019.12.31, asset 601229.SH, trade_value -97104.0
2024-07-26 15:15:32,474 - [INFO] date 2019.12.31, asset 601689.SH, trade_value -140940.0
2024-07-26 15:15:32,474 - [INFO] date 2019.12.31, asset 601818.SH, trade_value -106676.99999999999
2024-07-26 15:15:32,474 - [INFO] date 2019.12.31, asset 601933.SH, trade_value -81756.0
2024-07-26 15:15:32,475 - [INFO] date 2019.12.31, asset 603259.SH, trade_value -100089.0
2024-07-26 15:15:32,475 - [INFO] date 2019.12.31, asset 603858.SH, trade_value -101450.0
2024-07-26 15:15:32,475 - [INFO] date 2019.12.31, asset 000157.SZ, trade_value 106870.89500000005
2024-07-26 15:15:32,475 - [INFO] date 2019.12.31, asset 000725.SZ, trade_value 106870.89500000005
2024-07-26 15:15:32,475 - [INFO] date 2019.12.31, asset 002027.SZ, trade_value 106870.89500000005
2024-07-26 15:15:32,475 - [INFO] date 2019.12.31, asset 002142.SZ, trade_value 106870.89500000005
2024-07-26 15:15:32,476 - [INFO] date 2019.12.31, asset 600016.SH, trade_value 106870.89500000005
2024-07-26 15:15:32,476 - [INFO] date 2019.12.31, asset 600019.SH, trade_value 106870.89500000005
2024-07-26 15:15:32,476 - [INFO] date 2019.12.31, asset 600919.SH, trade_value 106870.89500000005
2024-07-26 15:15:32,476 - [INFO] date 2019.12.31, asset 601288.SH, trade_value 3826.8950000000477
2024-07-26 15:15:32,476 - [INFO] date 2019.12.31, asset 601398.SH, trade_value 106870.89500000005
2024-07-26 15:15:32,477 - [INFO] date 2019.12.31, asset 601988.SH, trade_value 106870.89500000005
2024-07-26 15:15:32,524 - [INFO] date 2020.03.31, asset 000157.SZ, trade_value -94764.0
2024-07-26 15:15:32,524 - [INFO] date 2020.03.31, asset 000725.SZ, trade_value -88360.0
2024-07-26 15:15:32,525 - [INFO] date 2020.03.31, asset 002027.SZ, trade_value -69700.0
2024-07-26 15:15:32,525 - [INFO] date 2020.03.31, asset 002142.SZ, trade_value -86136.0
2024-07-26 15:15:32,525 - [INFO] date 2020.03.31, asset 002475.SZ, trade_value -7636.0
2024-07-26 15:15:32,526 - [INFO] date 2020.03.31, asset 600016.SH, trade_value -96330.0
2024-07-26 15:15:32,526 - [INFO] date 2020.03.31, asset 600019.SH, trade_value -88350.0
2024-07-26 15:15:32,526 - [INFO] date 2020.03.31, asset 600031.SH, trade_value -3522.0
2024-07-26 15:15:32,527 - [INFO] date 2020.03.31, asset 600919.SH, trade_value -89376.0
2024-07-26 15:15:32,527 - [INFO] date 2020.03.31, asset 601288.SH, trade_value -97867.0
2024-07-26 15:15:32,527 - [INFO] date 2020.03.31, asset 601398.SH, trade_value -94482.0
2024-07-26 15:15:32,527 - [INFO] date 2020.03.31, asset 601689.SH, trade_value -1609.0
2024-07-26 15:15:32,528 - [INFO] date 2020.03.31, asset 601818.SH, trade_value -738.0
2024-07-26 15:15:32,528 - [INFO] date 2020.03.31, asset 601988.SH, trade_value -91872.0
2024-07-26 15:15:32,528 - [INFO] date 2020.03.31, asset 603259.SH, trade_value -8750.0
2024-07-26 15:15:32,528 - [INFO] date 2020.03.31, asset 603858.SH, trade_value -2028.0
2024-07-26 15:15:32,529 - [INFO] date 2020.03.31, asset 000001.SZ, trade_value 92149.29380000004
2024-07-26 15:15:32,529 - [INFO] date 2020.03.31, asset 002461.SZ, trade_value 92149.29380000004
2024-07-26 15:15:32,529 - [INFO] date 2020.03.31, asset 300415.SZ, trade_value 92149.29380000004
2024-07-26 15:15:32,530 - [INFO] date 2020.03.31, asset 300433.SZ, trade_value 92149.29380000004
2024-07-26 15:15:32,530 - [INFO] date 2020.03.31, asset 600219.SH, trade_value 92149.29380000004
2024-07-26 15:15:32,530 - [INFO] date 2020.03.31, asset 601111.SH, trade_value 92149.29380000004
2024-07-26 15:15:32,530 - [INFO] date 2020.03.31, asset 601117.SH, trade_value 92149.29380000004
2024-07-26 15:15:32,531 - [INFO] date 2020.03.31, asset 601186.SH, trade_value 92149.29380000004
2024-07-26 15:15:32,531 - [INFO] date 2020.03.31, asset 601668.SH, trade_value 92149.29380000004
2024-07-26 15:15:32,531 - [INFO] date 2020.03.31, asset 601933.SH, trade_value 92149.29380000004
2024-07-26 15:15:32,578 - [INFO] date 2020.06.30, asset 000001.SZ, trade_value -90880.0
2024-07-26 15:15:32,579 - [INFO] date 2020.06.30, asset 002027.SZ, trade_value -7046.0
2024-07-26 15:15:32,581 - [INFO] date 2020.06.30, asset 002461.SZ, trade_value -125927.99999999999
2024-07-26 15:15:32,581 - [INFO] date 2020.06.30, asset 300415.SZ, trade_value -98814.0
2024-07-26 15:15:32,583 - [INFO] date 2020.06.30, asset 300433.SZ, trade_value -163044.0
2024-07-26 15:15:32,583 - [INFO] date 2020.06.30, asset 600016.SH, trade_value -566.0
2024-07-26 15:15:32,583 - [INFO] date 2020.06.30, asset 600219.SH, trade_value -90740.99999999999
2024-07-26 15:15:32,584 - [INFO] date 2020.06.30, asset 601111.SH, trade_value -92496.0
2024-07-26 15:15:32,584 - [INFO] date 2020.06.30, asset 601117.SH, trade_value -84084.0
2024-07-26 15:15:32,585 - [INFO] date 2020.06.30, asset 601186.SH, trade_value -77748.0
2024-07-26 15:15:32,585 - [INFO] date 2020.06.30, asset 601668.SH, trade_value -82997.99999999999
2024-07-26 15:15:32,585 - [INFO] date 2020.06.30, asset 601689.SH, trade_value -2708.0
2024-07-26 15:15:32,586 - [INFO] date 2020.06.30, asset 601933.SH, trade_value -67896.0
2024-07-26 15:15:32,586 - [INFO] date 2020.06.30, asset 000333.SZ, trade_value 99769.25220000005
2024-07-26 15:15:32,586 - [INFO] date 2020.06.30, asset 000338.SZ, trade_value 99769.25220000005
2024-07-26 15:15:32,587 - [INFO] date 2020.06.30, asset 000725.SZ, trade_value 99769.25220000005
2024-07-26 15:15:32,587 - [INFO] date 2020.06.30, asset 002475.SZ, trade_value 99769.25220000005
2024-07-26 15:15:32,587 - [INFO] date 2020.06.30, asset 600019.SH, trade_value 97489.25220000005
2024-07-26 15:15:32,587 - [INFO] date 2020.06.30, asset 600031.SH, trade_value 99769.25220000005
2024-07-26 15:15:32,588 - [INFO] date 2020.06.30, asset 600717.SH, trade_value 99769.25220000005
2024-07-26 15:15:32,588 - [INFO] date 2020.06.30, asset 600926.SH, trade_value 99769.25220000005
2024-07-26 15:15:32,588 - [INFO] date 2020.06.30, asset 601899.SH, trade_value 99769.25220000005
2024-07-26 15:15:32,589 - [INFO] date 2020.06.30, asset 603259.SH, trade_value 90072.25220000005
2024-07-26 15:15:32,653 - [INFO] date 2020.09.30, asset 000333.SZ, trade_value -115920.0
2024-07-26 15:15:32,653 - [INFO] date 2020.09.30, asset 002461.SZ, trade_value -6699.0
2024-07-26 15:15:32,654 - [INFO] date 2020.09.30, asset 002475.SZ, trade_value -108110.0
2024-07-26 15:15:32,654 - [INFO] date 2020.09.30, asset 300415.SZ, trade_value -2876.0
2024-07-26 15:15:32,655 - [INFO] date 2020.09.30, asset 300433.SZ, trade_value -16155.000000000002
2024-07-26 15:15:32,655 - [INFO] date 2020.09.30, asset 600016.SH, trade_value -530.0
2024-07-26 15:15:32,656 - [INFO] date 2020.09.30, asset 600019.SH, trade_value -108128.0
2024-07-26 15:15:32,656 - [INFO] date 2020.09.30, asset 600031.SH, trade_value -131122.0
2024-07-26 15:15:32,657 - [INFO] date 2020.09.30, asset 600717.SH, trade_value -103275.0
2024-07-26 15:15:32,657 - [INFO] date 2020.09.30, asset 600926.SH, trade_value -131868.0
2024-07-26 15:15:32,657 - [INFO] date 2020.09.30, asset 601111.SH, trade_value -1418.0
2024-07-26 15:15:32,658 - [INFO] date 2020.09.30, asset 601117.SH, trade_value -539.0
2024-07-26 15:15:32,658 - [INFO] date 2020.09.30, asset 601186.SH, trade_value -835.0
2024-07-26 15:15:32,659 - [INFO] date 2020.09.30, asset 601689.SH, trade_value -4022.0
2024-07-26 15:15:32,659 - [INFO] date 2020.09.30, asset 601899.SH, trade_value -139894.0
2024-07-26 15:15:32,659 - [INFO] date 2020.09.30, asset 603259.SH, trade_value -100600.0
2024-07-26 15:15:32,660 - [INFO] date 2020.09.30, asset 000001.SZ, trade_value 119318.21960000004
2024-07-26 15:15:32,660 - [INFO] date 2020.09.30, asset 000338.SZ, trade_value 11966.21960000004
2024-07-26 15:15:32,661 - [INFO] date 2020.09.30, asset 000630.SZ, trade_value 119318.21960000004
2024-07-26 15:15:32,661 - [INFO] date 2020.09.30, asset 000651.SZ, trade_value 119318.21960000004
2024-07-26 15:15:32,661 - [INFO] date 2020.09.30, asset 000725.SZ, trade_value 12392.219600000055
2024-07-26 15:15:32,662 - [INFO] date 2020.09.30, asset 000932.SZ, trade_value 119318.21960000004
2024-07-26 15:15:32,662 - [INFO] date 2020.09.30, asset 002027.SZ, trade_value 118519.21960000004
2024-07-26 15:15:32,662 - [INFO] date 2020.09.30, asset 601100.SH, trade_value 119318.21960000004
2024-07-26 15:15:32,663 - [INFO] date 2020.09.30, asset 601668.SH, trade_value 119318.21960000004
2024-07-26 15:15:32,663 - [INFO] date 2020.09.30, asset 603128.SH, trade_value 119318.21960000004
2024-07-26 15:15:32,712 - [INFO] date 2020.12.31, asset 000001.SZ, trade_value -9711.259199999942
2024-07-26 15:15:32,713 - [INFO] date 2020.12.31, asset 000333.SZ, trade_value -9598.0
2024-07-26 15:15:32,713 - [INFO] date 2020.12.31, asset 000338.SZ, trade_value -122687.0
2024-07-26 15:15:32,713 - [INFO] date 2020.12.31, asset 000630.SZ, trade_value -136425.0
2024-07-26 15:15:32,714 - [INFO] date 2020.12.31, asset 000651.SZ, trade_value -134794.0
2024-07-26 15:15:32,714 - [INFO] date 2020.12.31, asset 000725.SZ, trade_value -1799.2591999999422
2024-07-26 15:15:32,715 - [INFO] date 2020.12.31, asset 000932.SZ, trade_value -111864.0
2024-07-26 15:15:32,715 - [INFO] date 2020.12.31, asset 002027.SZ, trade_value -142590.0
2024-07-26 15:15:32,715 - [INFO] date 2020.12.31, asset 002461.SZ, trade_value -1089.0
2024-07-26 15:15:32,715 - [INFO] date 2020.12.31, asset 002475.SZ, trade_value -5608.0
2024-07-26 15:15:32,716 - [INFO] date 2020.12.31, asset 300415.SZ, trade_value -1319.0
2024-07-26 15:15:32,716 - [INFO] date 2020.12.31, asset 600031.SH, trade_value -3445.0000000000005
2024-07-26 15:15:32,716 - [INFO] date 2020.12.31, asset 601100.SH, trade_value -175216.0
2024-07-26 15:15:32,717 - [INFO] date 2020.12.31, asset 601668.SH, trade_value -115596.00000000001
2024-07-26 15:15:32,717 - [INFO] date 2020.12.31, asset 603128.SH, trade_value -134125.0
2024-07-26 15:15:32,717 - [INFO] date 2020.12.31, asset 603259.SH, trade_value -13121.0
2024-07-26 15:15:32,717 - [INFO] date 2020.12.31, asset 600019.SH, trade_value 138854.74080000006
2024-07-26 15:15:32,718 - [INFO] date 2020.12.31, asset 600028.SH, trade_value 140048.74080000006
2024-07-26 15:15:32,718 - [INFO] date 2020.12.31, asset 600036.SH, trade_value 140048.74080000006
2024-07-26 15:15:32,718 - [INFO] date 2020.12.31, asset 601600.SH, trade_value 140048.74080000006
2024-07-26 15:15:32,718 - [INFO] date 2020.12.31, asset 601818.SH, trade_value 140048.74080000006
2024-07-26 15:15:32,719 - [INFO] date 2020.12.31, asset 601857.SH, trade_value 140048.74080000006
2024-07-26 15:15:32,719 - [INFO] date 2020.12.31, asset 601919.SH, trade_value 140048.74080000006
2024-07-26 15:15:32,719 - [INFO] date 2020.12.31, asset 603993.SH, trade_value 140048.74080000006
2024-07-26 15:15:32,765 - [INFO] date 2021.03.31, asset 000001.SZ, trade_value -6859.795999999944
2024-07-26 15:15:32,766 - [INFO] date 2021.03.31, asset 000333.SZ, trade_value -8247.0
2024-07-26 15:15:32,766 - [INFO] date 2021.03.31, asset 000338.SZ, trade_value -3947.9999999999995
2024-07-26 15:15:32,767 - [INFO] date 2021.03.31, asset 000630.SZ, trade_value -1360.0
2024-07-26 15:15:32,767 - [INFO] date 2021.03.31, asset 000651.SZ, trade_value -6210.0
2024-07-26 15:15:32,767 - [INFO] date 2021.03.31, asset 000725.SZ, trade_value -149860.0
2024-07-26 15:15:32,768 - [INFO] date 2021.03.31, asset 000932.SZ, trade_value -1438.0
2024-07-26 15:15:32,768 - [INFO] date 2021.03.31, asset 002475.SZ, trade_value -3390.9999999999995
2024-07-26 15:15:32,768 - [INFO] date 2021.03.31, asset 300415.SZ, trade_value -1959.0
2024-07-26 15:15:32,768 - [INFO] date 2021.03.31, asset 600019.SH, trade_value -192465.0
2024-07-26 15:15:32,769 - [INFO] date 2021.03.31, asset 600031.SH, trade_value -3703.0
2024-07-26 15:15:32,769 - [INFO] date 2021.03.31, asset 600036.SH, trade_value -6606.795999999944
2024-07-26 15:15:32,769 - [INFO] date 2021.03.31, asset 601100.SH, trade_value -9171.0
2024-07-26 15:15:32,769 - [INFO] date 2021.03.31, asset 601600.SH, trade_value -147070.0
2024-07-26 15:15:32,770 - [INFO] date 2021.03.31, asset 601668.SH, trade_value -1022.0000000000001
2024-07-26 15:15:32,770 - [INFO] date 2021.03.31, asset 601818.SH, trade_value -143150.0
2024-07-26 15:15:32,770 - [INFO] date 2021.03.31, asset 601857.SH, trade_value -144910.0
2024-07-26 15:15:32,770 - [INFO] date 2021.03.31, asset 601919.SH, trade_value -140106.0
2024-07-26 15:15:32,770 - [INFO] date 2021.03.31, asset 603128.SH, trade_value -1313.0
2024-07-26 15:15:32,771 - [INFO] date 2021.03.31, asset 603259.SH, trade_value -14337.0
2024-07-26 15:15:32,771 - [INFO] date 2021.03.31, asset 603993.SH, trade_value -85860.0
2024-07-26 15:15:32,771 - [INFO] date 2021.03.31, asset 002027.SZ, trade_value 150310.20400000006
2024-07-26 15:15:32,771 - [INFO] date 2021.03.31, asset 002050.SZ, trade_value 153229.20400000006
2024-07-26 15:15:32,772 - [INFO] date 2021.03.31, asset 600010.SH, trade_value 153229.20400000006
2024-07-26 15:15:32,772 - [INFO] date 2021.03.31, asset 600028.SH, trade_value 3325.204000000056
2024-07-26 15:15:32,772 - [INFO] date 2021.03.31, asset 600516.SH, trade_value 153229.20400000006
2024-07-26 15:15:32,772 - [INFO] date 2021.03.31, asset 601328.SH, trade_value 153229.20400000006
2024-07-26 15:15:32,772 - [INFO] date 2021.03.31, asset 601899.SH, trade_value 153229.20400000006
2024-07-26 15:15:32,773 - [INFO] date 2021.03.31, asset 601988.SH, trade_value 153229.20400000006
2024-07-26 15:15:32,821 - [INFO] date 2021.06.30, asset 000001.SZ, trade_value -156380.0
2024-07-26 15:15:32,821 - [INFO] date 2021.06.30, asset 000651.SZ, trade_value -5117.0
2024-07-26 15:15:32,821 - [INFO] date 2021.06.30, asset 002027.SZ, trade_value -154652.0
2024-07-26 15:15:32,821 - [INFO] date 2021.06.30, asset 002050.SZ, trade_value -177674.0
2024-07-26 15:15:32,822 - [INFO] date 2021.06.30, asset 300415.SZ, trade_value -2144.0
2024-07-26 15:15:32,822 - [INFO] date 2021.06.30, asset 600010.SH, trade_value -152210.0
2024-07-26 15:15:32,823 - [INFO] date 2021.06.30, asset 600028.SH, trade_value -153990.0
2024-07-26 15:15:32,823 - [INFO] date 2021.06.30, asset 600036.SH, trade_value -161400.0
2024-07-26 15:15:32,823 - [INFO] date 2021.06.30, asset 600516.SH, trade_value -142307.0
2024-07-26 15:15:32,824 - [INFO] date 2021.06.30, asset 601328.SH, trade_value -150792.0
2024-07-26 15:15:32,824 - [INFO] date 2021.06.30, asset 601668.SH, trade_value -488.99999999999994
2024-07-26 15:15:32,824 - [INFO] date 2021.06.30, asset 601919.SH, trade_value -32010.0
2024-07-26 15:15:32,825 - [INFO] date 2021.06.30, asset 601988.SH, trade_value -124432.0
2024-07-26 15:15:32,825 - [INFO] date 2021.06.30, asset 300059.SZ, trade_value 156699.39160000006
2024-07-26 15:15:32,825 - [INFO] date 2021.06.30, asset 600717.SH, trade_value 156699.39160000006
2024-07-26 15:15:32,826 - [INFO] date 2021.06.30, asset 601012.SH, trade_value 156699.39160000006
2024-07-26 15:15:32,826 - [INFO] date 2021.06.30, asset 601166.SH, trade_value 156699.39160000006
2024-07-26 15:15:32,826 - [INFO] date 2021.06.30, asset 601169.SH, trade_value 156699.39160000006
2024-07-26 15:15:32,827 - [INFO] date 2021.06.30, asset 601600.SH, trade_value 156699.39160000006
2024-07-26 15:15:32,827 - [INFO] date 2021.06.30, asset 601816.SH, trade_value 156699.39160000006
2024-07-26 15:15:32,827 - [INFO] date 2021.06.30, asset 601857.SH, trade_value 156699.39160000006
2024-07-26 15:15:32,827 - [INFO] date 2021.06.30, asset 601899.SH, trade_value 3264.391600000061
2024-07-26 15:15:32,828 - [INFO] date 2021.06.30, asset 603077.SH, trade_value 156699.39160000006
2024-07-26 15:15:32,881 - [INFO] date 2021.09.30, asset 000001.SZ, trade_value -1814.9999999999998
2024-07-26 15:15:32,881 - [INFO] date 2021.09.30, asset 000651.SZ, trade_value -3929.9999999999995
2024-07-26 15:15:32,882 - [INFO] date 2021.09.30, asset 300059.SZ, trade_value -158296.0
2024-07-26 15:15:32,882 - [INFO] date 2021.09.30, asset 300415.SZ, trade_value -1635.0000000000002
2024-07-26 15:15:32,882 - [INFO] date 2021.09.30, asset 600028.SH, trade_value -446.0
2024-07-26 15:15:32,883 - [INFO] date 2021.09.30, asset 600036.SH, trade_value -5156.0
2024-07-26 15:15:32,883 - [INFO] date 2021.09.30, asset 600717.SH, trade_value -169575.0
2024-07-26 15:15:32,884 - [INFO] date 2021.09.30, asset 601012.SH, trade_value -137819.0
2024-07-26 15:15:32,884 - [INFO] date 2021.09.30, asset 601166.SH, trade_value -140676.0
2024-07-26 15:15:32,884 - [INFO] date 2021.09.30, asset 601169.SH, trade_value -140919.0
2024-07-26 15:15:32,885 - [INFO] date 2021.09.30, asset 601328.SH, trade_value -898.0
2024-07-26 15:15:32,885 - [INFO] date 2021.09.30, asset 601600.SH, trade_value -58852.23299999992
2024-07-26 15:15:32,885 - [INFO] date 2021.09.30, asset 601816.SH, trade_value -141192.0
2024-07-26 15:15:32,885 - [INFO] date 2021.09.30, asset 601857.SH, trade_value -178784.0
2024-07-26 15:15:32,886 - [INFO] date 2021.09.30, asset 601919.SH, trade_value -1654.0
2024-07-26 15:15:32,886 - [INFO] date 2021.09.30, asset 603077.SH, trade_value -269280.0
2024-07-26 15:15:32,886 - [INFO] date 2021.09.30, asset 000725.SZ, trade_value 174787.76700000008
2024-07-26 15:15:32,887 - [INFO] date 2021.09.30, asset 002050.SZ, trade_value 174787.76700000008
2024-07-26 15:15:32,887 - [INFO] date 2021.09.30, asset 600010.SH, trade_value 174787.76700000008
2024-07-26 15:15:32,887 - [INFO] date 2021.09.30, asset 600018.SH, trade_value 174787.76700000008
2024-07-26 15:15:32,888 - [INFO] date 2021.09.30, asset 600050.SH, trade_value 174787.76700000008
2024-07-26 15:15:32,888 - [INFO] date 2021.09.30, asset 600219.SH, trade_value 174787.76700000008
2024-07-26 15:15:32,888 - [INFO] date 2021.09.30, asset 600900.SH, trade_value 174787.76700000008
2024-07-26 15:15:32,889 - [INFO] date 2021.09.30, asset 601668.SH, trade_value 174787.76700000008
2024-07-26 15:15:32,889 - [INFO] date 2021.09.30, asset 601899.SH, trade_value 12463.76700000008
2024-07-26 15:15:32,942 - [INFO] date 2021.12.31, asset 000725.SZ, trade_value -175076.0
2024-07-26 15:15:32,943 - [INFO] date 2021.12.31, asset 002050.SZ, trade_value -192888.0
2024-07-26 15:15:32,943 - [INFO] date 2021.12.31, asset 300415.SZ, trade_value -2149.0
2024-07-26 15:15:32,944 - [INFO] date 2021.12.31, asset 600010.SH, trade_value -152627.0
2024-07-26 15:15:32,944 - [INFO] date 2021.12.31, asset 600018.SH, trade_value -157563.0
2024-07-26 15:15:32,944 - [INFO] date 2021.12.31, asset 600219.SH, trade_value -187131.00000000003
2024-07-26 15:15:32,945 - [INFO] date 2021.12.31, asset 600900.SH, trade_value -177987.0
2024-07-26 15:15:32,945 - [INFO] date 2021.12.31, asset 601012.SH, trade_value -8123.0
2024-07-26 15:15:32,946 - [INFO] date 2021.12.31, asset 601328.SH, trade_value -459.99999999999994
2024-07-26 15:15:32,946 - [INFO] date 2021.12.31, asset 601600.SH, trade_value -135300.0
2024-07-26 15:15:32,946 - [INFO] date 2021.12.31, asset 601668.SH, trade_value -8726.995199999947
2024-07-26 15:15:32,947 - [INFO] date 2021.12.31, asset 601899.SH, trade_value -157132.0
2024-07-26 15:15:32,947 - [INFO] date 2021.12.31, asset 601919.SH, trade_value -1870.0
2024-07-26 15:15:32,947 - [INFO] date 2021.12.31, asset 603077.SH, trade_value -11935.0
2024-07-26 15:15:32,948 - [INFO] date 2021.12.31, asset 002032.SZ, trade_value 171089.00480000005
2024-07-26 15:15:32,948 - [INFO] date 2021.12.31, asset 002142.SZ, trade_value 171089.00480000005
2024-07-26 15:15:32,948 - [INFO] date 2021.12.31, asset 300059.SZ, trade_value 167385.00480000005
2024-07-26 15:15:32,949 - [INFO] date 2021.12.31, asset 600050.SH, trade_value 4489.004800000053
2024-07-26 15:15:32,949 - [INFO] date 2021.12.31, asset 600795.SH, trade_value 171089.00480000005
2024-07-26 15:15:32,949 - [INFO] date 2021.12.31, asset 600887.SH, trade_value 171089.00480000005
2024-07-26 15:15:32,950 - [INFO] date 2021.12.31, asset 601288.SH, trade_value 171089.00480000005
2024-07-26 15:15:32,950 - [INFO] date 2021.12.31, asset 601398.SH, trade_value 171089.00480000005
2024-07-26 15:15:32,950 - [INFO] date 2021.12.31, asset 601658.SH, trade_value 171089.00480000005
2024-07-26 15:15:32,999 - [INFO] date 2022.03.31, asset 002032.SZ, trade_value -134001.0
2024-07-26 15:15:32,999 - [INFO] date 2022.03.31, asset 002142.SZ, trade_value -163196.00000000003
2024-07-26 15:15:32,999 - [INFO] date 2022.03.31, asset 300059.SZ, trade_value -119967.99999999999
2024-07-26 15:15:33,000 - [INFO] date 2022.03.31, asset 600010.SH, trade_value -900.0
2024-07-26 15:15:33,000 - [INFO] date 2022.03.31, asset 600050.SH, trade_value -154780.0
2024-07-26 15:15:33,001 - [INFO] date 2022.03.31, asset 600219.SH, trade_value -811.9999999999999
2024-07-26 15:15:33,001 - [INFO] date 2022.03.31, asset 600795.SH, trade_value -135289.0
2024-07-26 15:15:33,001 - [INFO] date 2022.03.31, asset 600887.SH, trade_value -151454.0
2024-07-26 15:15:33,002 - [INFO] date 2022.03.31, asset 600900.SH, trade_value -2190.0
2024-07-26 15:15:33,002 - [INFO] date 2022.03.31, asset 601012.SH, trade_value -7539.0
2024-07-26 15:15:33,002 - [INFO] date 2022.03.31, asset 601288.SH, trade_value -177205.0
2024-07-26 15:15:33,003 - [INFO] date 2022.03.31, asset 601398.SH, trade_value -173799.0
2024-07-26 15:15:33,003 - [INFO] date 2022.03.31, asset 601658.SH, trade_value -16680.901999999915
2024-07-26 15:15:33,003 - [INFO] date 2022.03.31, asset 601668.SH, trade_value -29948.901999999915
2024-07-26 15:15:33,004 - [INFO] date 2022.03.31, asset 000725.SZ, trade_value 158819.0980000001
2024-07-26 15:15:33,004 - [INFO] date 2022.03.31, asset 002027.SZ, trade_value 158819.0980000001
2024-07-26 15:15:33,004 - [INFO] date 2022.03.31, asset 600905.SH, trade_value 158819.0980000001
2024-07-26 15:15:33,004 - [INFO] date 2022.03.31, asset 601006.SH, trade_value 158819.0980000001
2024-07-26 15:15:33,005 - [INFO] date 2022.03.31, asset 601328.SH, trade_value 158315.0980000001
2024-07-26 15:15:33,005 - [INFO] date 2022.03.31, asset 601390.SH, trade_value 158819.0980000001
2024-07-26 15:15:33,005 - [INFO] date 2022.03.31, asset 601868.SH, trade_value 158819.0980000001
2024-07-26 15:15:33,005 - [INFO] date 2022.03.31, asset 601899.SH, trade_value 156527.0980000001
2024-07-26 15:15:33,054 - [INFO] date 2022.06.30, asset 000725.SZ, trade_value -144256.0
2024-07-26 15:15:33,054 - [INFO] date 2022.06.30, asset 002027.SZ, trade_value -172235.0
2024-07-26 15:15:33,056 - [INFO] date 2022.06.30, asset 002032.SZ, trade_value -5598.0
2024-07-26 15:15:33,056 - [INFO] date 2022.06.30, asset 002142.SZ, trade_value -3522.9999999999995
2024-07-26 15:15:33,057 - [INFO] date 2022.06.30, asset 600050.SH, trade_value -1035.0
2024-07-26 15:15:33,058 - [INFO] date 2022.06.30, asset 600219.SH, trade_value -371.0
2024-07-26 15:15:33,058 - [INFO] date 2022.06.30, asset 600795.SH, trade_value -1176.0
2024-07-26 15:15:33,058 - [INFO] date 2022.06.30, asset 600900.SH, trade_value -2315.0
2024-07-26 15:15:33,059 - [INFO] date 2022.06.30, asset 600905.SH, trade_value -163572.0
2024-07-26 15:15:33,059 - [INFO] date 2022.06.30, asset 601006.SH, trade_value -151998.0
2024-07-26 15:15:33,059 - [INFO] date 2022.06.30, asset 601328.SH, trade_value -154690.0
2024-07-26 15:15:33,060 - [INFO] date 2022.06.30, asset 601390.SH, trade_value -160956.0
2024-07-26 15:15:33,060 - [INFO] date 2022.06.30, asset 601658.SH, trade_value -1045.1849999998813
2024-07-26 15:15:33,061 - [INFO] date 2022.06.30, asset 601668.SH, trade_value -5581.184999999881
2024-07-26 15:15:33,061 - [INFO] date 2022.06.30, asset 601868.SH, trade_value -155350.0
2024-07-26 15:15:33,061 - [INFO] date 2022.06.30, asset 601899.SH, trade_value -118679.99999999999
2024-07-26 15:15:33,062 - [INFO] date 2022.06.30, asset 300059.SZ, trade_value 155894.81500000012
2024-07-26 15:15:33,062 - [INFO] date 2022.06.30, asset 600406.SH, trade_value 155894.81500000012
2024-07-26 15:15:33,062 - [INFO] date 2022.06.30, asset 600887.SH, trade_value 155894.81500000012
2024-07-26 15:15:33,063 - [INFO] date 2022.06.30, asset 601009.SH, trade_value 155894.81500000012
2024-07-26 15:15:33,063 - [INFO] date 2022.06.30, asset 601012.SH, trade_value 155894.81500000012
2024-07-26 15:15:33,063 - [INFO] date 2022.06.30, asset 601288.SH, trade_value 154082.81500000012
2024-07-26 15:15:33,064 - [INFO] date 2022.06.30, asset 601398.SH, trade_value 153509.81500000012
2024-07-26 15:15:33,064 - [INFO] date 2022.06.30, asset 601988.SH, trade_value 155894.81500000012
2024-07-26 15:15:33,117 - [INFO] date 2022.09.30, asset 000725.SZ, trade_value -648.0
2024-07-26 15:15:33,118 - [INFO] date 2022.09.30, asset 002027.SZ, trade_value -2172.0
2024-07-26 15:15:33,118 - [INFO] date 2022.09.30, asset 002032.SZ, trade_value -4548.0
2024-07-26 15:15:33,119 - [INFO] date 2022.09.30, asset 002142.SZ, trade_value -3129.0
2024-07-26 15:15:33,119 - [INFO] date 2022.09.30, asset 300059.SZ, trade_value -108640.99999999999
2024-07-26 15:15:33,119 - [INFO] date 2022.09.30, asset 600406.SH, trade_value -140391.0
2024-07-26 15:15:33,120 - [INFO] date 2022.09.30, asset 600887.SH, trade_value -133200.0
2024-07-26 15:15:33,120 - [INFO] date 2022.09.30, asset 601009.SH, trade_value -156152.0
2024-07-26 15:15:33,120 - [INFO] date 2022.09.30, asset 601012.SH, trade_value -115184.0
2024-07-26 15:15:33,124 - [INFO] date 2022.09.30, asset 601288.SH, trade_value -145512.0
2024-07-26 15:15:33,124 - [INFO] date 2022.09.30, asset 601390.SH, trade_value -522.0
2024-07-26 15:15:33,124 - [INFO] date 2022.09.30, asset 601398.SH, trade_value -141158.0
2024-07-26 15:15:33,125 - [INFO] date 2022.09.30, asset 601658.SH, trade_value -132300.0
2024-07-26 15:15:33,125 - [INFO] date 2022.09.30, asset 601668.SH, trade_value -141282.0
2024-07-26 15:15:33,126 - [INFO] date 2022.09.30, asset 601899.SH, trade_value -1540.0
2024-07-26 15:15:33,126 - [INFO] date 2022.09.30, asset 601988.SH, trade_value -138775.0
2024-07-26 15:15:33,126 - [INFO] date 2022.09.30, asset 000895.SZ, trade_value 136598.56520000013
2024-07-26 15:15:33,127 - [INFO] date 2022.09.30, asset 300015.SZ, trade_value 136598.56520000013
2024-07-26 15:15:33,127 - [INFO] date 2022.09.30, asset 600018.SH, trade_value 136598.56520000013
2024-07-26 15:15:33,127 - [INFO] date 2022.09.30, asset 600025.SH, trade_value 136598.56520000013
2024-07-26 15:15:33,127 - [INFO] date 2022.09.30, asset 600050.SH, trade_value 136264.56520000013
2024-07-26 15:15:33,128 - [INFO] date 2022.09.30, asset 600919.SH, trade_value 136598.56520000013
2024-07-26 15:15:33,128 - [INFO] date 2022.09.30, asset 601006.SH, trade_value 135930.56520000013
2024-07-26 15:15:33,128 - [INFO] date 2022.09.30, asset 601319.SH, trade_value 136598.56520000013
2024-07-26 15:15:33,129 - [INFO] date 2022.09.30, asset 601728.SH, trade_value 136598.56520000013
2024-07-26 15:15:33,129 - [INFO] date 2022.09.30, asset 601872.SH, trade_value 136598.56520000013
2024-07-26 15:15:33,182 - [INFO] date 2022.12.31, asset 000725.SZ, trade_value -338.0
2024-07-26 15:15:33,182 - [INFO] date 2022.12.31, asset 000895.SZ, trade_value -142615.0
2024-07-26 15:15:33,183 - [INFO] date 2022.12.31, asset 002032.SZ, trade_value -4946.0
2024-07-26 15:15:33,183 - [INFO] date 2022.12.31, asset 002142.SZ, trade_value -3245.0000000000005
2024-07-26 15:15:33,183 - [INFO] date 2022.12.31, asset 300015.SZ, trade_value -146029.0
2024-07-26 15:15:33,184 - [INFO] date 2022.12.31, asset 600018.SH, trade_value -130830.0
2024-07-26 15:15:33,184 - [INFO] date 2022.12.31, asset 600025.SH, trade_value -130680.0
2024-07-26 15:15:33,184 - [INFO] date 2022.12.31, asset 600050.SH, trade_value -182336.00000000003
2024-07-26 15:15:33,185 - [INFO] date 2022.12.31, asset 600406.SH, trade_value -2440.0
2024-07-26 15:15:33,185 - [INFO] date 2022.12.31, asset 600919.SH, trade_value -133407.0
2024-07-26 15:15:33,185 - [INFO] date 2022.12.31, asset 601006.SH, trade_value -134268.0
2024-07-26 15:15:33,186 - [INFO] date 2022.12.31, asset 601009.SH, trade_value -1042.0
2024-07-26 15:15:33,186 - [INFO] date 2022.12.31, asset 601319.SH, trade_value -141984.0
2024-07-26 15:15:33,186 - [INFO] date 2022.12.31, asset 601390.SH, trade_value -556.0
2024-07-26 15:15:33,187 - [INFO] date 2022.12.31, asset 601668.SH, trade_value -4344.0
2024-07-26 15:15:33,187 - [INFO] date 2022.12.31, asset 601728.SH, trade_value -149164.0
2024-07-26 15:15:33,187 - [INFO] date 2022.12.31, asset 601872.SH, trade_value -96148.0
2024-07-26 15:15:33,187 - [INFO] date 2022.12.31, asset 601988.SH, trade_value -1896.0
2024-07-26 15:15:33,188 - [INFO] date 2022.12.31, asset 000100.SZ, trade_value 141147.06680000015
2024-07-26 15:15:33,188 - [INFO] date 2022.12.31, asset 000333.SZ, trade_value 141147.06680000015
2024-07-26 15:15:33,188 - [INFO] date 2022.12.31, asset 000630.SZ, trade_value 141147.06680000015
2024-07-26 15:15:33,189 - [INFO] date 2022.12.31, asset 002027.SZ, trade_value 140479.06680000015
2024-07-26 15:15:33,189 - [INFO] date 2022.12.31, asset 600219.SH, trade_value 141147.06680000015
2024-07-26 15:15:33,189 - [INFO] date 2022.12.31, asset 601288.SH, trade_value 138819.06680000015
2024-07-26 15:15:33,189 - [INFO] date 2022.12.31, asset 601398.SH, trade_value 140279.06680000015
2024-07-26 15:15:33,190 - [INFO] date 2022.12.31, asset 601766.SH, trade_value 141147.06680000015
2024-07-26 15:15:33,190 - [INFO] date 2022.12.31, asset 601899.SH, trade_value 140147.06680000015
2024-07-26 15:15:33,190 - [INFO] date 2022.12.31, asset 603993.SH, trade_value 141147.06680000015
2024-07-26 15:15:33,237 - [INFO] date 2023.03.31, asset 000100.SZ, trade_value -8260.199399999838
2024-07-26 15:15:33,237 - [INFO] date 2023.03.31, asset 000333.SZ, trade_value -147069.0
2024-07-26 15:15:33,238 - [INFO] date 2023.03.31, asset 600018.SH, trade_value -557.0
2024-07-26 15:15:33,238 - [INFO] date 2023.03.31, asset 600025.SH, trade_value -3530.0
2024-07-26 15:15:33,239 - [INFO] date 2023.03.31, asset 600050.SH, trade_value -20102.0
2024-07-26 15:15:33,239 - [INFO] date 2023.03.31, asset 600219.SH, trade_value -143480.0
2024-07-26 15:15:33,239 - [INFO] date 2023.03.31, asset 600406.SH, trade_value -2755.0
2024-07-26 15:15:33,240 - [INFO] date 2023.03.31, asset 600919.SH, trade_value -701.0
2024-07-26 15:15:33,240 - [INFO] date 2023.03.31, asset 601009.SH, trade_value -901.0
2024-07-26 15:15:33,240 - [INFO] date 2023.03.31, asset 601319.SH, trade_value -2072.0
2024-07-26 15:15:33,241 - [INFO] date 2023.03.31, asset 601390.SH, trade_value -694.0
2024-07-26 15:15:33,241 - [INFO] date 2023.03.31, asset 601398.SH, trade_value -147804.0
2024-07-26 15:15:33,241 - [INFO] date 2023.03.31, asset 601668.SH, trade_value -585.0
2024-07-26 15:15:33,242 - [INFO] date 2023.03.31, asset 601728.SH, trade_value -8512.0
2024-07-26 15:15:33,242 - [INFO] date 2023.03.31, asset 601766.SH, trade_value -6352.199399999838
2024-07-26 15:15:33,242 - [INFO] date 2023.03.31, asset 601872.SH, trade_value -4949.0
2024-07-26 15:15:33,242 - [INFO] date 2023.03.31, asset 601899.SH, trade_value -164150.0
2024-07-26 15:15:33,243 - [INFO] date 2023.03.31, asset 603993.SH, trade_value -10314.199399999838
2024-07-26 15:15:33,243 - [INFO] date 2023.03.31, asset 000630.SZ, trade_value 15377.800600000162
2024-07-26 15:15:33,243 - [INFO] date 2023.03.31, asset 000725.SZ, trade_value 157654.80060000016
2024-07-26 15:15:33,244 - [INFO] date 2023.03.31, asset 000807.SZ, trade_value 158097.80060000016
2024-07-26 15:15:33,244 - [INFO] date 2023.03.31, asset 002027.SZ, trade_value 17544.800600000162
2024-07-26 15:15:33,244 - [INFO] date 2023.03.31, asset 600019.SH, trade_value 158097.80060000016
2024-07-26 15:15:33,244 - [INFO] date 2023.03.31, asset 601288.SH, trade_value 7923.800600000162
2024-07-26 15:15:33,245 - [INFO] date 2023.03.31, asset 601600.SH, trade_value 158097.80060000016
2024-07-26 15:15:33,295 - [INFO] date 2023.06.30, asset 000100.SZ, trade_value -136675.0
2024-07-26 15:15:33,296 - [INFO] date 2023.06.30, asset 000630.SZ, trade_value -140012.0
2024-07-26 15:15:33,296 - [INFO] date 2023.06.30, asset 000807.SZ, trade_value -146160.0
2024-07-26 15:15:33,296 - [INFO] date 2023.06.30, asset 002027.SZ, trade_value -158688.0
2024-07-26 15:15:33,297 - [INFO] date 2023.06.30, asset 600019.SH, trade_value -142186.0
2024-07-26 15:15:33,297 - [INFO] date 2023.06.30, asset 600025.SH, trade_value -719.0
2024-07-26 15:15:33,297 - [INFO] date 2023.06.30, asset 600050.SH, trade_value -483.0
2024-07-26 15:15:33,298 - [INFO] date 2023.06.30, asset 600919.SH, trade_value -730.0
2024-07-26 15:15:33,298 - [INFO] date 2023.06.30, asset 601288.SH, trade_value -178339.0
2024-07-26 15:15:33,298 - [INFO] date 2023.06.30, asset 601319.SH, trade_value -586.0
2024-07-26 15:15:33,299 - [INFO] date 2023.06.30, asset 601600.SH, trade_value -150150.0
2024-07-26 15:15:33,299 - [INFO] date 2023.06.30, asset 601728.SH, trade_value -567.0
2024-07-26 15:15:33,299 - [INFO] date 2023.06.30, asset 601766.SH, trade_value -173575.0
2024-07-26 15:15:33,299 - [INFO] date 2023.06.30, asset 601899.SH, trade_value -2270.0
2024-07-26 15:15:33,300 - [INFO] date 2023.06.30, asset 000725.SZ, trade_value 10390.654000000155
2024-07-26 15:15:33,300 - [INFO] date 2023.06.30, asset 002600.SZ, trade_value 151366.65400000016
2024-07-26 15:15:33,300 - [INFO] date 2023.06.30, asset 600016.SH, trade_value 151366.65400000016
2024-07-26 15:15:33,300 - [INFO] date 2023.06.30, asset 600221.SH, trade_value 151366.65400000016
2024-07-26 15:15:33,300 - [INFO] date 2023.06.30, asset 600406.SH, trade_value 151366.65400000016
2024-07-26 15:15:33,301 - [INFO] date 2023.06.30, asset 600863.SH, trade_value 151366.65400000016
2024-07-26 15:15:33,301 - [INFO] date 2023.06.30, asset 601398.SH, trade_value 151366.65400000016
2024-07-26 15:15:33,301 - [INFO] date 2023.06.30, asset 601816.SH, trade_value 151366.65400000016
2024-07-26 15:15:33,301 - [INFO] date 2023.06.30, asset 601939.SH, trade_value 151366.65400000016
2024-07-26 15:15:33,302 - [INFO] date 2023.06.30, asset 603993.SH, trade_value 9589.654000000155
2024-07-26 15:15:33,354 - [INFO] date 2023.09.30, asset 000630.SZ, trade_value -2871.0
2024-07-26 15:15:33,355 - [INFO] date 2023.09.30, asset 000725.SZ, trade_value -147066.0
2024-07-26 15:15:33,355 - [INFO] date 2023.09.30, asset 000807.SZ, trade_value -3020.0
2024-07-26 15:15:33,356 - [INFO] date 2023.09.30, asset 002600.SZ, trade_value -125268.0
2024-07-26 15:15:33,356 - [INFO] date 2023.09.30, asset 600016.SH, trade_value -154752.0
2024-07-26 15:15:33,356 - [INFO] date 2023.09.30, asset 600221.SH, trade_value -141784.0
2024-07-26 15:15:33,357 - [INFO] date 2023.09.30, asset 600406.SH, trade_value -144235.0
2024-07-26 15:15:33,357 - [INFO] date 2023.09.30, asset 600863.SH, trade_value -128128.0
2024-07-26 15:15:33,357 - [INFO] date 2023.09.30, asset 601288.SH, trade_value -2160.0
2024-07-26 15:15:33,357 - [INFO] date 2023.09.30, asset 601398.SH, trade_value -146952.0
2024-07-26 15:15:33,358 - [INFO] date 2023.09.30, asset 601600.SH, trade_value -1256.0
2024-07-26 15:15:33,358 - [INFO] date 2023.09.30, asset 601816.SH, trade_value -147231.0
2024-07-26 15:15:33,358 - [INFO] date 2023.09.30, asset 601899.SH, trade_value -1213.0
2024-07-26 15:15:33,358 - [INFO] date 2023.09.30, asset 601939.SH, trade_value -151830.0
2024-07-26 15:15:33,359 - [INFO] date 2023.09.30, asset 603993.SH, trade_value -164889.0
2024-07-26 15:15:33,359 - [INFO] date 2023.09.30, asset 000100.SZ, trade_value 143064.36280000018
2024-07-26 15:15:33,359 - [INFO] date 2023.09.30, asset 000932.SZ, trade_value 146736.36280000018
2024-07-26 15:15:33,359 - [INFO] date 2023.09.30, asset 600166.SH, trade_value 146736.36280000018
2024-07-26 15:15:33,359 - [INFO] date 2023.09.30, asset 600170.SH, trade_value 146736.36280000018
2024-07-26 15:15:33,360 - [INFO] date 2023.09.30, asset 600606.SH, trade_value 146736.36280000018
2024-07-26 15:15:33,360 - [INFO] date 2023.09.30, asset 600871.SH, trade_value 146736.36280000018
2024-07-26 15:15:33,360 - [INFO] date 2023.09.30, asset 600919.SH, trade_value 146018.36280000018
2024-07-26 15:15:33,360 - [INFO] date 2023.09.30, asset 601099.SH, trade_value 146736.36280000018
2024-07-26 15:15:33,361 - [INFO] date 2023.09.30, asset 601138.SH, trade_value 146736.36280000018
2024-07-26 15:15:33,361 - [INFO] date 2023.09.30, asset 601728.SH, trade_value 146736.36280000018
2024-07-26 15:15:33,408 - [INFO] date 2023.12.31, asset 000100.SZ, trade_value -153940.0
2024-07-26 15:15:33,409 - [INFO] date 2023.12.31, asset 000630.SZ, trade_value -328.0
2024-07-26 15:15:33,409 - [INFO] date 2023.12.31, asset 000725.SZ, trade_value -2340.0
2024-07-26 15:15:33,409 - [INFO] date 2023.12.31, asset 000807.SZ, trade_value -1222.0
2024-07-26 15:15:33,410 - [INFO] date 2023.12.31, asset 000932.SZ, trade_value -127205.00000000001
2024-07-26 15:15:33,410 - [INFO] date 2023.12.31, asset 600166.SH, trade_value -114387.0
2024-07-26 15:15:33,410 - [INFO] date 2023.12.31, asset 600170.SH, trade_value -123785.99999999999
2024-07-26 15:15:33,410 - [INFO] date 2023.12.31, asset 600406.SH, trade_value -2232.0
2024-07-26 15:15:33,411 - [INFO] date 2023.12.31, asset 600606.SH, trade_value -127189.99999999999
2024-07-26 15:15:33,411 - [INFO] date 2023.12.31, asset 600863.SH, trade_value -780.0
2024-07-26 15:15:33,411 - [INFO] date 2023.12.31, asset 600871.SH, trade_value -125355.0
2024-07-26 15:15:33,411 - [INFO] date 2023.12.31, asset 600919.SH, trade_value -136476.0
2024-07-26 15:15:33,412 - [INFO] date 2023.12.31, asset 601099.SH, trade_value -144670.0
2024-07-26 15:15:33,412 - [INFO] date 2023.12.31, asset 601138.SH, trade_value -114912.0
2024-07-26 15:15:33,412 - [INFO] date 2023.12.31, asset 601600.SH, trade_value -564.0
2024-07-26 15:15:33,412 - [INFO] date 2023.12.31, asset 601728.SH, trade_value -120102.0
2024-07-26 15:15:33,413 - [INFO] date 2023.12.31, asset 601899.SH, trade_value -1246.0
2024-07-26 15:15:33,413 - [INFO] date 2023.12.31, asset 603993.SH, trade_value -2080.0
2024-07-26 15:15:33,413 - [INFO] date 2023.12.31, asset 002195.SZ, trade_value 130286.59820000015
2024-07-26 15:15:33,413 - [INFO] date 2023.12.31, asset 002600.SZ, trade_value 126230.59820000015
2024-07-26 15:15:33,414 - [INFO] date 2023.12.31, asset 300464.SZ, trade_value 130286.59820000015
2024-07-26 15:15:33,414 - [INFO] date 2023.12.31, asset 600398.SH, trade_value 130286.59820000015
2024-07-26 15:15:33,414 - [INFO] date 2023.12.31, asset 600900.SH, trade_value 130286.59820000015
2024-07-26 15:15:33,414 - [INFO] date 2023.12.31, asset 600998.SH, trade_value 130286.59820000015
2024-07-26 15:15:33,415 - [INFO] date 2023.12.31, asset 601288.SH, trade_value 130286.59820000015
2024-07-26 15:15:33,415 - [INFO] date 2023.12.31, asset 601688.SH, trade_value 130286.59820000015
2024-07-26 15:15:33,415 - [INFO] date 2023.12.31, asset 601816.SH, trade_value 130286.59820000015
2024-07-26 15:15:33,415 - [INFO] date 2023.12.31, asset 601939.SH, trade_value 130286.59820000015
2024-07-26 15:15:33,462 - [INFO] date 2024.03.31, asset 000630.SZ, trade_value -397.0
2024-07-26 15:15:33,462 - [INFO] date 2024.03.31, asset 000807.SZ, trade_value -1380.0
2024-07-26 15:15:33,463 - [INFO] date 2024.03.31, asset 000932.SZ, trade_value -3703.0
2024-07-26 15:15:33,463 - [INFO] date 2024.03.31, asset 002195.SZ, trade_value -127872.0
2024-07-26 15:15:33,464 - [INFO] date 2024.03.31, asset 002600.SZ, trade_value -105408.0
2024-07-26 15:15:33,464 - [INFO] date 2024.03.31, asset 300464.SZ, trade_value -94340.0
2024-07-26 15:15:33,464 - [INFO] date 2024.03.31, asset 600170.SH, trade_value -1638.0
2024-07-26 15:15:33,465 - [INFO] date 2024.03.31, asset 600398.SH, trade_value -153900.0
2024-07-26 15:15:33,465 - [INFO] date 2024.03.31, asset 600863.SH, trade_value -459.99999999999994
2024-07-26 15:15:33,465 - [INFO] date 2024.03.31, asset 600871.SH, trade_value -760.0
2024-07-26 15:15:33,465 - [INFO] date 2024.03.31, asset 600900.SH, trade_value -137115.0
2024-07-26 15:15:33,465 - [INFO] date 2024.03.31, asset 600998.SH, trade_value -146692.0
2024-07-26 15:15:33,465 - [INFO] date 2024.03.31, asset 601288.SH, trade_value -18869.77379999982
2024-07-26 15:15:33,466 - [INFO] date 2024.03.31, asset 601600.SH, trade_value -740.0
2024-07-26 15:15:33,466 - [INFO] date 2024.03.31, asset 601688.SH, trade_value -131976.0
2024-07-26 15:15:33,466 - [INFO] date 2024.03.31, asset 601816.SH, trade_value -2236.7737999997917
2024-07-26 15:15:33,466 - [INFO] date 2024.03.31, asset 601899.SH, trade_value -1682.0
2024-07-26 15:15:33,467 - [INFO] date 2024.03.31, asset 601939.SH, trade_value -120225.0
2024-07-26 15:15:33,467 - [INFO] date 2024.03.31, asset 603993.SH, trade_value -832.0
2024-07-26 15:15:33,467 - [INFO] date 2024.03.31, asset 000725.SZ, trade_value 131295.2262000002
2024-07-26 15:15:33,467 - [INFO] date 2024.03.31, asset 600919.SH, trade_value 131295.2262000002
2024-07-26 15:15:33,467 - [INFO] date 2024.03.31, asset 601328.SH, trade_value 131295.2262000002
2024-07-26 15:15:33,468 - [INFO] date 2024.03.31, asset 601398.SH, trade_value 131295.2262000002
2024-07-26 15:15:33,468 - [INFO] date 2024.03.31, asset 601658.SH, trade_value 131295.2262000002
2024-07-26 15:15:33,468 - [INFO] date 2024.03.31, asset 601668.SH, trade_value 131295.2262000002
2024-07-26 15:15:33,468 - [INFO] date 2024.03.31, asset 601818.SH, trade_value 131295.2262000002
2024-07-26 15:15:33,469 - [INFO] date 2024.03.31, asset 601988.SH, trade_value 131295.2262000002
2024-07-26 15:15:33,517 - [INFO] Backtest Done...
2024-07-26 15:15:33,537 - [INFO] Successfully generate backtest report data...
2024-07-26 15:15:33,542 - [INFO] Result is now showing in app...
